Arguments: 
  C:\Program Files\nodejs\node.exe C:\Users\hidma\AppData\Roaming\npm\node_modules\yarn\bin\yarn.js add express

PATH: 
  C:\Users\hidma\bin;C:\Program Files\Git\mingw64\bin;C:\Program Files\Git\usr\local\bin;C:\Program Files\Git\usr\bin;C:\Program Files\Git\usr\bin;C:\Program Files\Git\mingw64\bin;C:\Program Files\Git\usr\bin;C:\Users\hidma\bin;C:\Python310\Scripts;C:\Python310;C:\Windows\system32;C:\Windows;C:\Windows\System32\Wbem;C:\Windows\System32\WindowsPowerShell\v1.0;C:\Windows\System32\OpenSSH;C:\Program Files\nodejs;C:\ProgramData\chocolatey\bin;C:\Program Files\Git\cmd;C:\Users\hidma\AppData\Local\Microsoft\WindowsApps;C:\Users\hidma\AppData\Local\Programs\Microsoft VS Code\bin;C:\Users\hidma\AppData\Roaming\npm;C:\Users\hidma\AppData\Local\Yarn\bin;C:\Program Files\Git\;C:\Program Files\Git\usr\bin\vendor_perl;C:\Program Files\Git\usr\bin\core_perl

Yarn version: 
  1.22.18

Node version: 
  16.14.0

Platform: 
  win32 x64

Trace: 
  SyntaxError: D:\codes\helsinki\part4\backend\package.json: Unexpected token } in JSON at position 202
      at JSON.parse (<anonymous>)
      at C:\Users\hidma\AppData\Roaming\npm\node_modules\yarn\lib\cli.js:1625:59
      at Generator.next (<anonymous>)
      at step (C:\Users\hidma\AppData\Roaming\npm\node_modules\yarn\lib\cli.js:310:30)
      at C:\Users\hidma\AppData\Roaming\npm\node_modules\yarn\lib\cli.js:321:13

npm manifest: 
  {
    "name": "backend",
    "version": "1.0.0",
    "description": "backend-test",
    "main": "index.js",
    "author": "sahand-projects",
    "license": "MIT",
    "scripts":{
      "start": "node index.js",
      
    }
  }

yarn manifest: 
  No manifest

Lockfile: 
  No lockfile
